\BOOKMARK [0][-]{part.1}{A. Brainstorming and considerations \(for PC internal use\)}{}% 1
\BOOKMARK [1][-]{section.1}{Brainstorming}{part.1}% 2
\BOOKMARK [2][-]{subsection.1.1}{List of various strategical ideas}{section.1}% 3
\BOOKMARK [2][-]{subsection.1.2}{List of various checks}{section.1}% 4
\BOOKMARK [0][-]{part.2}{B. Data sets and analysis strategy}{}% 5
\BOOKMARK [1][-]{section.2}{Introduction}{part.2}% 6
\BOOKMARK [1][-]{section.3}{Data sets in pp}{part.2}% 7
\BOOKMARK [2][-]{subsection.3.1}{Data sets}{section.3}% 8
\BOOKMARK [2][-]{subsection.3.2}{The ALICE detector}{section.3}% 9
\BOOKMARK [3][-]{subsubsection.3.2.1}{Sub-Sbsection}{subsection.3.2}% 10
\BOOKMARK [1][-]{section.4}{Event selections and analysis strategy}{part.2}% 11
\BOOKMARK [2][-]{subsection.4.1}{Event selections}{section.4}% 12
\BOOKMARK [2][-]{subsection.4.2}{Analysis strategy}{section.4}% 13
\BOOKMARK [1][-]{section.5}{Track selections and topological selections}{part.2}% 14
\BOOKMARK [2][-]{subsection.5.1}{ case}{section.5}% 15
\BOOKMARK [3][-]{subsubsection.5.1.1}{Candidate selections}{subsection.5.1}% 16
\BOOKMARK [3][-]{subsubsection.5.1.2}{Raw signal extraction}{subsection.5.1}% 17
\BOOKMARK [2][-]{subsection.5.2}{\(1020\) case}{section.5}% 18
\BOOKMARK [3][-]{subsubsection.5.2.1}{Candidate selections}{subsection.5.2}% 19
\BOOKMARK [3][-]{subsubsection.5.2.2}{Raw signal extraction}{subsection.5.2}% 20
\BOOKMARK [2][-]{subsection.5.3}{Yield extraction}{section.5}% 21
\BOOKMARK [1][-]{section.6}{Systematic studies}{part.2}% 22
\BOOKMARK [2][-]{subsection.6.1}{ case}{section.6}% 23
\BOOKMARK [3][-]{subsubsection.6.1.1}{Track and topological selections}{subsection.6.1}% 24
\BOOKMARK [3][-]{subsubsection.6.1.2}{Signal extraction}{subsection.6.1}% 25
\BOOKMARK [3][-]{subsubsection.6.1.3}{Material budget}{subsection.6.1}% 26
\BOOKMARK [2][-]{subsection.6.2}{\(1020\) case}{section.6}% 27
\BOOKMARK [3][-]{subsubsection.6.2.1}{Track and pair selections}{subsection.6.2}% 28
\BOOKMARK [3][-]{subsubsection.6.2.2}{Signal extraction}{subsection.6.2}% 29
\BOOKMARK [3][-]{subsubsection.6.2.3}{Combinatorial background}{subsection.6.2}% 30
\BOOKMARK [3][-]{subsubsection.6.2.4}{Material budget}{subsection.6.2}% 31
\BOOKMARK [2][-]{subsection.6.3}{Yield ratio}{section.6}% 32
\BOOKMARK [3][-]{subsubsection.6.3.1}{Combinatorial background}{subsection.6.3}% 33
\BOOKMARK [0][-]{part.3}{C. Results and discussion}{}% 34
\BOOKMARK [1][-]{section.7}{Results}{part.3}% 35
\BOOKMARK [2][-]{subsection.7.1}{Experimental results}{section.7}% 36
\BOOKMARK [3][-]{subsubsection.7.1.1}{Sub-Sbsection}{subsection.7.1}% 37
\BOOKMARK [2][-]{subsection.7.2}{Comparison with MC models}{section.7}% 38
\BOOKMARK [1][-]{section.8}{Discussion}{part.3}% 39
\BOOKMARK [2][-]{subsection.8.1}{SbSection}{section.8}% 40
\BOOKMARK [3][-]{subsubsection.8.1.1}{Sub-Sbsection}{subsection.8.1}% 41
\BOOKMARK [1][-]{section*.12}{Acknowledgements}{part.3}% 42
\BOOKMARK [1][-]{section*.13}{References}{part.3}% 43
\BOOKMARK [1][-]{section*.13}{The ALICE collaboration}{part.3}% 44
